Process: 0 Number: 0
Process: 1 Number: 1
Process: 2 Number: 2
Process: 3 Number: 3
Process: 4 Number: 4
Process: 5 Number: 5
Process: 6 Number: 6
Process: 7 Number: 7
Process: 8 Number: 8
Process: 9 Number: 9
Process: 10 Number: 10
Process: 11 Number: 11
Process: 12 Number: 12
Process: 13 Number: 13
Process: 14 Number: 14
Process: 15 Number: 15
Process: 16 Number: 16
Process: 17 Number: 17
Process: 18 Number: 18
Process: 19 Number: 19
Process: 20 Number: 20
Process: 21 Number: 21
Process: 22 Number: 22
Process: 23 Number: 23
Process: 24 Number: 24
Process: 25 Number: 25
Process: 26 Number: 26
Process: 27 Number: 27
Process: 28 Number: 28
Process: 29 Number: 29
Process: 30 Number: 30
Process: 31 Number: 31
Process: 32 Number: 32
Process: 33 Number: 33
Process: 34 Number: 34
Process: 35 Number: 35
Process: 36 Number: 36
Process: 37 Number: 37
Process: 38 Number: 38
Process: 39 Number: 39
Process: 0 Number: 40
